<?xml version="1.0" encoding="UTF-8"?>
<testng-results ignored="0" total="1" passed="1" failed="0" skipped="0">
  <reporter-output>
  </reporter-output>
  <suite started-at="2022-11-12T06:30:02 EST" name="Default suite" finished-at="2022-11-12T06:30:12 EST" duration-ms="9543">
    <groups>
    </groups>
    <test started-at="2022-11-12T06:30:02 EST" name="Default test" finished-at="2022-11-12T06:30:12 EST" duration-ms="9543">
      <class name="shippingPackage.ShippingTest">
        <test-method is-config="true" signature="setUpDriver()[pri:0, instance:shippingPackage.ShippingTest@957e06]" started-at="2022-11-12T06:30:02 EST" name="setUpDriver" finished-at="2022-11-12T06:30:12 EST" duration-ms="9349" status="PASS">
          <reporter-output>
          </reporter-output>
        </test-method> <!-- setUpDriver -->
        <test-method signature="atest()[pri:0, instance:shippingPackage.ShippingTest@957e06]" started-at="2022-11-12T06:30:12 EST" name="atest" finished-at="2022-11-12T06:30:12 EST" duration-ms="5" status="PASS">
          <reporter-output>
          </reporter-output>
        </test-method> <!-- atest -->
        <test-method is-config="true" signature="closingDriverSession()[pri:0, instance:shippingPackage.ShippingTest@957e06]" started-at="2022-11-12T06:30:12 EST" name="closingDriverSession" finished-at="2022-11-12T06:30:12 EST" duration-ms="136" status="PASS">
          <reporter-output>
          </reporter-output>
        </test-method> <!-- closingDriverSession -->
      </class> <!-- shippingPackage.ShippingTest -->
    </test> <!-- Default test -->
  </suite> <!-- Default suite -->
</testng-results>
